<?xml version="1.0" encoding="UTF-8"?>
<!-- Generated by org.testng.reporters.JUnitReportReporter -->
<testsuite skipped="0" hostname="Dell-PC" name="com.ijmeet.functionaltests.SignInPageTest" tests="1" failures="0" timestamp="09 Oct 2020 19:15:30 GMT" time="4.281" errors="0">
  <testcase name="verifyForgotYourPasswordVisibilityTest" time="4.281" classname="com.ijmeet.functionaltests.SignInPageTest"/>
</testsuite> <!-- com.ijmeet.functionaltests.SignInPageTest -->
