<?xml version="1.0" encoding="UTF-8"?>
<!-- Generated by org.testng.reporters.JUnitReportReporter -->
<testsuite skipped="0" hostname="abc-PC" name="com.ijmeet.functionaltests.ContactSalesTest" tests="1" failures="0" timestamp="14 Oct 2020 09:06:27 GMT" time="5.970" errors="0">
  <testcase name="toVerifyEmailIDText" time="5.970" classname="com.ijmeet.functionaltests.ContactSalesTest"/>
</testsuite> <!-- com.ijmeet.functionaltests.ContactSalesTest -->
